<?xml version="1.0" encoding="UTF-8"?>
<testsuite xmlns:xsi="http://www.w3.org/2001/XMLSchema-instance" xsi:noNamespaceSchemaLocation="https://maven.apache.org/surefire/maven-surefire-plugin/xsd/surefire-test-report.xsd" version="3.0.2" name="edu.ntnu.idat2003.model.PlayerTest" time="0.009" tests="7" errors="0" skipped="0" failures="0">
  <properties>
[...]
</properties>
  <testcase name="testGetPosition" classname="edu.ntnu.idat2003.model.PlayerTest" time="0.001"/>
  <testcase name="testGetName" classname="edu.ntnu.idat2003.model.PlayerTest" time="0.0"/>
  <testcase name="testHashCode" classname="edu.ntnu.idat2003.model.PlayerTest" time="0.0"/>
  <testcase name="testSetHasExtraDice" classname="edu.ntnu.idat2003.model.PlayerTest" time="0.0"/>
  <testcase name="testGetFigure" classname="edu.ntnu.idat2003.model.PlayerTest" time="0.002"/>
  <testcase name="testEquals" classname="edu.ntnu.idat2003.model.PlayerTest" time="0.001"/>
  <testcase name="testSetPosition" classname="edu.ntnu.idat2003.model.PlayerTest" time="0.001"/>
</testsuite>