<?xml version="1.0" encoding="UTF-8"?>
<testsuite xmlns:xsi="http://www.w3.org/2001/XMLSchema-instance" xsi:noNamespaceSchemaLocation="https://maven.apache.org/surefire/maven-surefire-plugin/xsd/surefire-test-report.xsd" version="3.0.2" name="edu.ntnu.idat2003.model.tileactions.LadderActionTest" time="0.003" tests="4" errors="0" skipped="0" failures="0">
  <properties>
[...]
</properties>
  <testcase name="testExecute" classname="edu.ntnu.idat2003.model.tileactions.LadderActionTest" time="0.001"/>
  <testcase name="testGetStart" classname="edu.ntnu.idat2003.model.tileactions.LadderActionTest" time="0.0"/>
  <testcase name="testGetDirection" classname="edu.ntnu.idat2003.model.tileactions.LadderActionTest" time="0.001"/>
  <testcase name="testGetDestination" classname="edu.ntnu.idat2003.model.tileactions.LadderActionTest" time="0.001"/>
</testsuite>