<?xml version="1.0" encoding="UTF-8"?>
<testsuite xmlns:xsi="http://www.w3.org/2001/XMLSchema-instance" xsi:noNamespaceSchemaLocation="https://maven.apache.org/surefire/maven-surefire-plugin/xsd/surefire-test-report.xsd" version="3.0.2" name="edu.ntnu.idat2003.exception.DataCreateExceptionTest" time="0.042" tests="2" errors="0" skipped="0" failures="0">
  <properties>
[...]
</properties>
  <testcase name="testMessageAndCauseConstructor" classname="edu.ntnu.idat2003.exception.DataCreateExceptionTest" time="0.025"/>
  <testcase name="testMessageConstructor" classname="edu.ntnu.idat2003.exception.DataCreateExceptionTest" time="0.012"/>
</testsuite>